[2024-06-14 22:09:56,385][__main__][INFO] - Instantiating datamodule <src.data.lightning_data_module.LitDataModule>
[2024-06-14 22:09:56,424][__main__][INFO] - Instantiating model <src.models.ch_lit_module.CHLitModule>
[2024-06-14 22:09:57,134][__main__][INFO] - Instantiating callbacks...
[2024-06-14 22:09:57,135][utils.instantiators][INFO] - Instantiating callback <lightning.pytorch.callbacks.ModelCheckpoint>
[2024-06-14 22:09:57,143][utils.instantiators][INFO] - Instantiating callback <lightning.pytorch.callbacks.EarlyStopping>
[2024-06-14 22:09:57,145][utils.instantiators][INFO] - Instantiating callback <lightning.pytorch.callbacks.RichModelSummary>
[2024-06-14 22:09:57,146][utils.instantiators][INFO] - Instantiating callback <lightning.pytorch.callbacks.RichProgressBar>
[2024-06-14 22:09:57,148][utils.instantiators][INFO] - Instantiating callback <lightning.pytorch.callbacks.LearningRateMonitor>
[2024-06-14 22:09:57,149][__main__][INFO] - Instantiating loggers...
[2024-06-14 22:09:57,149][utils.instantiators][INFO] - Instantiating logger <lightning.pytorch.loggers.tensorboard.TensorBoardLogger>
[2024-06-14 22:09:57,183][__main__][INFO] - Instantiating trainer <lightning.pytorch.trainer.Trainer>
[2024-06-14 22:09:57,382][__main__][INFO] - Starting training!
[2024-06-14 22:10:00,485][src.data.lightning_data_module][INFO] - Setup train data...
[2024-06-14 22:10:00,694][src.data.lightning_data_module][INFO] - Train data shape... <247500>
[2024-06-14 22:10:00,694][src.data.lightning_data_module][INFO] - Setting train sampler...
[2024-06-14 22:10:00,787][src.data.lightning_data_module][INFO] - Setup val data...
[2024-06-14 22:10:00,789][src.data.lightning_data_module][INFO] - Val data shape... <2500>
[2024-06-14 22:10:00,789][src.data.lightning_data_module][INFO] - Skipping setup test data...
[2024-06-14 22:21:52,658][__main__][INFO] - Starting testing!
[2024-06-14 22:21:54,718][src.data.lightning_data_module][INFO] - Setup train data...
[2024-06-14 22:21:54,937][src.data.lightning_data_module][INFO] - Train data shape... <247500>
[2024-06-14 22:21:54,937][src.data.lightning_data_module][INFO] - Setting train sampler...
[2024-06-14 22:21:55,028][src.data.lightning_data_module][INFO] - Setup val data...
[2024-06-14 22:21:55,030][src.data.lightning_data_module][INFO] - Val data shape... <2500>
[2024-06-14 22:21:55,030][src.data.lightning_data_module][INFO] - Skipping setup test data...
[2024-06-14 22:21:57,721][__main__][INFO] - Best ckpt path: /home/danil/projects/LHT_credits_history/logs/train/runs/2024-06-14_22-09-56/checkpoints/epoch_005.ckpt
