[2024-06-12 22:54:29,668][__main__][INFO] - Instantiating datamodule <src.data.lightning_data_module.LitDataModule>
[2024-06-12 22:54:29,696][__main__][INFO] - Instantiating model <src.models.ch_lit_module.CHLitModule>
[2024-06-12 22:54:30,263][__main__][INFO] - Instantiating callbacks...
[2024-06-12 22:54:30,263][utils.instantiators][INFO] - Instantiating callback <lightning.pytorch.callbacks.ModelCheckpoint>
[2024-06-12 22:54:30,269][utils.instantiators][INFO] - Instantiating callback <lightning.pytorch.callbacks.EarlyStopping>
[2024-06-12 22:54:30,272][utils.instantiators][INFO] - Instantiating callback <lightning.pytorch.callbacks.RichModelSummary>
[2024-06-12 22:54:30,273][utils.instantiators][INFO] - Instantiating callback <lightning.pytorch.callbacks.RichProgressBar>
[2024-06-12 22:54:30,274][utils.instantiators][INFO] - Instantiating callback <lightning.pytorch.callbacks.LearningRateMonitor>
[2024-06-12 22:54:30,274][__main__][INFO] - Instantiating loggers...
[2024-06-12 22:54:30,275][utils.instantiators][INFO] - Instantiating logger <lightning.pytorch.loggers.tensorboard.TensorBoardLogger>
[2024-06-12 22:54:30,305][__main__][INFO] - Instantiating trainer <lightning.pytorch.trainer.Trainer>
[2024-06-12 22:54:30,459][__main__][INFO] - Starting training!
[2024-06-12 22:54:33,819][src.data.lightning_data_module][INFO] - Setup train data...
[2024-06-12 22:54:34,082][src.data.lightning_data_module][INFO] - Train data shape... <247500>
[2024-06-12 22:54:34,082][src.data.lightning_data_module][INFO] - Setting train sampler...
[2024-06-12 22:54:34,175][src.data.lightning_data_module][INFO] - Setup val data...
[2024-06-12 22:54:34,178][src.data.lightning_data_module][INFO] - Val data shape... <2500>
[2024-06-12 22:54:34,178][src.data.lightning_data_module][INFO] - Skipping setup test data...
[2024-06-12 23:05:05,147][__main__][INFO] - Starting testing!
[2024-06-12 23:05:07,247][src.data.lightning_data_module][INFO] - Setup train data...
[2024-06-12 23:05:07,463][src.data.lightning_data_module][INFO] - Train data shape... <247500>
[2024-06-12 23:05:07,464][src.data.lightning_data_module][INFO] - Setting train sampler...
[2024-06-12 23:05:07,551][src.data.lightning_data_module][INFO] - Setup val data...
[2024-06-12 23:05:07,553][src.data.lightning_data_module][INFO] - Val data shape... <2500>
[2024-06-12 23:05:07,553][src.data.lightning_data_module][INFO] - Skipping setup test data...
[2024-06-12 23:05:09,757][__main__][INFO] - Best ckpt path: /home/danil/projects/LHT_credits_history/logs/train/runs/2024-06-12_22-54-29/checkpoints/epoch_006.ckpt
